<?xml version="1.0" encoding="UTF-8"?>
<!-- Generated by org.testng.reporters.JUnitReportReporter -->
<testsuite skipped="0" hostname="DESKTOP-6GCL8E0" name="TestRunner" tests="1" failures="0" timestamp="26 AÄŸu 2018 23:20:57 GMT" time="52.696" errors="0">
  <testcase name="feature" time="52.696" classname="TestRunner"/>
</testsuite> <!-- TestRunner -->
